海之戀: 1979
林景閣: 1979
柏豐28: 1979
大埔寶馬山: 1979
I CITY: 1979
瓏門: 1979
翠擁華庭: 1979
欣廷軒: 1979
海日灣 II: 1979
青怡花園: 1979
譽港灣: 1979
荃威花園: 1979
緻藍天: 1979
尚悅: 1979
縉庭山: 1979
新葵芳花園: 1979
柏傲灣: 1979
維港1號: 1979
溱柏: 1979
迎海: 1979
峻巒: 1979
天鑽: 1979
現崇山: 1979
康睦庭園: 1979
村屋: 1979
卓爾居: 1979
珀麗灣: 1979
One Innovale: 1979
清麗苑: 1979
爾巒: 1979
名城: 1979
東環: 1979
逸峯: 1979
銀湖天峰: 1979
Novo Land: 1979
柏傲莊: 1979
東堤灣畔: 1979
Yoho Town: 1979
新港城: 1979
滿名山: 1979
碧湖花園: 1979
倚嶺南庭: 1979
高爾夫御苑: 1979
愛海頌: 1979
One New York: 1979
晉海: 1979
聚康山莊: 1979
曉柏峰: 1979
慧景軒: 1979
粉嶺中心: 1979
Done. Found 50 / 50 years