村屋: NOT_FOUND
天晉: 2011
黃埔花園: 1985
美孚新邨: 1968
嘉湖山莊: 1991
柏傲莊: 2022
名城: 2010
維景灣畔: 2000
LP6: 2020
映灣園: 2004
峻巒: 2015
將軍澳中心: 2002
唐樓: NOT_FOUND
沙田第一城: 1980
新都城: 1996
海之戀: 2018
Novo Land: 2023
海逸豪園: 1998
MALIBU: 2020
將軍澳廣場: 2003
珀麗灣: 2002
藍天海岸: 2002
匯璽: 2017
Sea To Sky: 2022
浪澄灣: 2004
單幢樓房: NOT_FOUND
峻瀅: 2013
東環: 2016
SAVANNAH: 2018
麗港城: 1990
泓景臺: 2003
迎海: 2013
牽晴間: 1999
Sierra Sea: NOT_FOUND
Grand YOHO: 2017
尚悅: 2019
Monterey: 2018
黃埔新村: 1976
凱滙: 2020
緻藍天: 2014
溱岸8號: 2013
蔚藍灣畔: 2004
康怡花園: 1985
凱旋門: 2005
錦繡花園: 1979
灝景灣: 1998
宇晴軒: 2005
海濱南岸: 2002
爾巒: 2013
麗翠苑: NOT_FOUND
爵悅庭: 2005
君臨天下: 2004
御金國峯: 2012
都會駅: 2006
港灣豪庭: 2002
皓畋: 2017
海翩滙: 2018
帝堡城: 1999
瓏門: 2012
柏傲灣: 2018
晉海: 2019
愛海頌: 2021
Wetland Seasons Park: 2021
天璽天: NOT_FOUND
海典灣: 2003
東港城: 1997
天鑽: 2020
新港城: 1993
半島豪庭: 2000
盈翠半島: 1999
YOHO West: NOT_FOUND
晉海II: 2018
銀湖天峰: 2009
玖瓏山: 2016
東堤灣畔: 1998
柏瓏: NOT_FOUND
君傲灣: 2006
栢慧豪園: 2007
御龍山: 2008
海日灣 II: 2020
晉名峰: 2006
擎天半島: 2002
南豐廣場: 1999
滿名山: 2017
城市花園: 1982
沙田中心: 1981
首都: 2008
I CITY: 2023
Yoho Town: 2004
環宇海灣: 2015
星凱堤岸: 2023
昇悅居: 2003
港島南岸: 2022
城中駅: NOT_FOUND
昇薈: 2015
加州花園: 1993
天璽: NOT_FOUND
One Innovale: 2023
Yoho Midtown: 2010
新寶城: 1999